Build started 14/10/2022 13:49:24.
     1>Project "C:\Users\andre\Downloads\libSDLX360\SDL_mixer\timidity\timidity.vcxproj" on node 2 (build target(s)).
     1>InitializeBuildStatus:
         Touching ".\Debug\timidity.unsuccessfulbuild".
       ClCompile:
         F:\Visual Studio\2010\VC\bin\CL.exe /c /IC:\Development\XB\libSDLx360\SDL\include /Z7 /nologo /W3 /WX- /Od /Oy- /D WIN32 /D _DEBUG /D _WINDOWS /D _CRT_SECURE_NO_WARNINGS /D _VC80_UPGRADE=0x0600 /Gm- /EHsc /MD /GS /fp:precise /Zc:wchar_t /Zc:forScope /Fo".\Debug/" /Fd".\Debug/vc100.pdb" /Gd /TC /analyze- /errorReport:prompt common.c ctrlmode.c filter.c instrum.c mix.c output.c playmidi.c readmidi.c resample.c sdl_a.c sdl_c.c tables.c timidity.c
         common.c
     1>c:\users\andre\downloads\libsdlx360\sdl_mixer\timidity\config.h(22): fatal error C1083: Cannot open include file: 'SDL_config.h': No such file or directory
         ctrlmode.c
     1>c:\users\andre\downloads\libsdlx360\sdl_mixer\timidity\config.h(22): fatal error C1083: Cannot open include file: 'SDL_config.h': No such file or directory
         filter.c
     1>c:\users\andre\downloads\libsdlx360\sdl_mixer\timidity\config.h(22): fatal error C1083: Cannot open include file: 'SDL_config.h': No such file or directory
         instrum.c
     1>c:\users\andre\downloads\libsdlx360\sdl_mixer\timidity\config.h(22): fatal error C1083: Cannot open include file: 'SDL_config.h': No such file or directory
         mix.c
     1>c:\users\andre\downloads\libsdlx360\sdl_mixer\timidity\config.h(22): fatal error C1083: Cannot open include file: 'SDL_config.h': No such file or directory
         output.c
     1>c:\users\andre\downloads\libsdlx360\sdl_mixer\timidity\config.h(22): fatal error C1083: Cannot open include file: 'SDL_config.h': No such file or directory
         playmidi.c
     1>playmidi.c(28): fatal error C1083: Cannot open include file: 'SDL_rwops.h': No such file or directory
         readmidi.c
     1>readmidi.c(27): fatal error C1083: Cannot open include file: 'SDL_rwops.h': No such file or directory
         resample.c
     1>c:\users\andre\downloads\libsdlx360\sdl_mixer\timidity\config.h(22): fatal error C1083: Cannot open include file: 'SDL_config.h': No such file or directory
         sdl_a.c
     1>c:\users\andre\downloads\libsdlx360\sdl_mixer\timidity\config.h(22): fatal error C1083: Cannot open include file: 'SDL_config.h': No such file or directory
         sdl_c.c
     1>c:\users\andre\downloads\libsdlx360\sdl_mixer\timidity\config.h(22): fatal error C1083: Cannot open include file: 'SDL_config.h': No such file or directory
         tables.c
     1>c:\users\andre\downloads\libsdlx360\sdl_mixer\timidity\config.h(22): fatal error C1083: Cannot open include file: 'SDL_config.h': No such file or directory
         timidity.c
     1>timidity.c(25): fatal error C1083: Cannot open include file: 'SDL.h': No such file or directory
         Generating Code...
     1>Done Building Project "C:\Users\andre\Downloads\libSDLX360\SDL_mixer\timidity\timidity.vcxproj" (build target(s)) -- FAILED.

Build FAILED.

Time Elapsed 00:00:00.43
